
ROM used:   8462/32768 (26%)
            8462/32768 (26%) including unused fragments

            2.1 Average locations per line
            9.9 Average locations per statement

RAM used:   240/1536 (16%) at main() level
            295/1536 (19%) worst case

Stack used: 5 worst case (3 in main + 2 for interrupts)
Stack size: 31

Lines Stmts  %   Files
----- ----- ---  -----
  990   576  67  CuiCui_Ver_Final.c
   33     0   0  CuiCui_Ver_Final.h
  794     0   0  ..\..\..\..\Program Files (x86)\PICC\Devices\18F2520.h
 2227   258  30  ..\..\..\..\Program Files (x86)\PICC\Drivers\math.h
   81    21   2  tones_c5.c
----- -----
 4125   855 Total

Page ROM  %  RAM    Vol Diff  Functions:
---- --- --- ---    --- ----  ----------
0     40   0    1             @delay_ms1
0     32   0    1             @delay_us1
0    122   1   10             @FLT
0     60   0    4             @SFTOI
0     54   0    2             @ITOF
0    246   1   11             @MULFF
0    632   4   16             @ADDFF
0    350   2   14             @DIVFF
0     70   0    5    285  4.3  do_delay
0    512   3   26    777  6.7  generate_tone
0    148   1   13             @DIV3232
0     74   0    5             @DIV1616
0     92   1   14             @MUL3232
0      6   0    0             @const866
0     32   0    2    114  3.4  limpia_bits
0   1532   9    4   1581  6.0  timer3_isr
0     24   0    0     50  2.0  serial_isr
0     24   0    0     69  1.6  comp_isr
0    200   1    2    547  5.7  ext_isr
0    194   1    1    367  1.9  melodia_inicio
0    100   1    1    147  1.8  melodia_sleep
0    112   1    0    255  2.3  melodia_wake_up
0    416   2    4    294  4.5  verificar_level_ir
0    448   3    3   1906  6.4  ejecucion_pwm
0    138   1    3    398  6.1  convierte_bits_a_bytes
0     44   0    0             @const1000
0     34   0    2             @PSTRINGC_57600_31766_31767
0     12   0    0             @const1005
0     32   0    3             @PSTRINGCN_57600_31766_31767
0     14   0    0             @const1020
0     28   0    0             @const1021
0     10   0    0             @const1022
0   1794  11    4   8626 12.9  MAIN
0     38   0    0             @const1030
0     22   0    0             @const1031
0     64   0    5             @FTOSD
0    408   2   13             @PRINTF_L32D_57600_31766_31767FPFPF
0     18   0    0             @const1037
0     40   0    0             @goto8955
0     40   0    0             @goto9014
 Inline         0             @cinit1

Program metrics:
    Functions               14
    Statements              855
    Comments                576
    Volume (V)              21190
    Difficulty (D)          65.6
    Effort to implement (E) 1390672
    Time to implement (T)   21 hours, 28 minutes
    Est Delivered Bugs (B)  4
    Cyclomatic Complexity   48
    Maintainability (MI)    41

 Segment     Used  Free
-----------  ----  ----
00000-00002     4  0  
00004-00006     0  4  
00008-000D0   202  0  
000D2-07FFE  8256  24302  



